<?xml version="1.0" encoding="UTF-8"?>
<testsuite xmlns:xsi="http://www.w3.org/2001/XMLSchema-instance" xsi:noNamespaceSchemaLocation="https://maven.apache.org/surefire/maven-surefire-plugin/xsd/surefire-test-report-3.0.xsd" version="3.0" name="com.badmussodiq.chattingapplication.ChattingApplicationTests" time="12.519" tests="1" errors="0" skipped="0" failures="0">
  <properties>
[...]
</properties>
  <testcase name="contextLoads" classname="com.badmussodiq.chattingapplication.ChattingApplicationTests" time="2.764">
    <system-out><![CDATA[18:17:46.676 [main] INFO org.springframework.test.context.support.AnnotationConfigContextLoaderUtils -- Could not detect default configuration classes for test class [com.badmussodiq.chattingapplication.ChattingApplicationTests]: ChattingApplicationTests does not declare any static, non-private, non-final, nested classes annotated with @Configuration.
18:17:47.319 [main] INFO org.springframework.boot.test.context.SpringBootTestContextBootstrapper -- Found @SpringBootConfiguration com.badmussodiq.chattingapplication.ChattingApplication for test class com.badmussodiq.chattingapplication.ChattingApplicationTests

  .   ____          _            __ _ _
 /\\ / ___'_ __ _ _(_)_ __  __ _ \ \ \ \
( ( )\___ | '_ | '_| | '_ \/ _` | \ \ \ \
 \\/  ___)| |_)| | | | | || (_| |  ) ) ) )
  '  |____| .__|_| |_|_| |_\__, | / / / /
 =========|_|==============|___/=/_/_/_/
 :: Spring Boot ::                (v3.1.3)

2023-09-11T18:17:49.697+01:00  INFO 11808 --- [           main] c.b.c.ChattingApplicationTests           : Starting ChattingApplicationTests using Java 19 with PID 11808 (started by kasutaja in C:\Users\kasutaja\Projects\Live Projects\BackEnd\chatting-application)
2023-09-11T18:17:49.701+01:00  INFO 11808 --- [           main] c.b.c.ChattingApplicationTests           : No active profile set, falling back to 1 default profile: "default"
2023-09-11T18:17:54.688+01:00  INFO 11808 --- [           main] o.s.m.s.b.SimpleBrokerMessageHandler     : Starting...
2023-09-11T18:17:54.697+01:00  INFO 11808 --- [           main] o.s.m.s.b.SimpleBrokerMessageHandler     : BrokerAvailabilityEvent[available=true, SimpleBrokerMessageHandler [org.springframework.messaging.simp.broker.DefaultSubscriptionRegistry@60bb7995]]
2023-09-11T18:17:54.699+01:00  INFO 11808 --- [           main] o.s.m.s.b.SimpleBrokerMessageHandler     : Started.
2023-09-11T18:17:54.722+01:00  INFO 11808 --- [           main] c.b.c.ChattingApplicationTests           : Started ChattingApplicationTests in 6.46 seconds (process running for 11.803)
]]></system-out>
  </testcase>
</testsuite>